\BOOKMARK [1][-]{section.1}{研究計画の概要}{}% 1
\BOOKMARK [2][-]{subsection.1.1}{研究テーマ}{section.1}% 2
\BOOKMARK [2][-]{subsection.1.2}{研究背景}{section.1}% 3
\BOOKMARK [2][-]{subsection.1.3}{本研究の方向性}{section.1}% 4
\BOOKMARK [2][-]{subsection.1.4}{本研究が目指す目標}{section.1}% 5
\BOOKMARK [1][-]{section.2}{研究活動報告}{}% 6
\BOOKMARK [2][-]{subsection.2.1}{災害対応における問題点の調査}{section.2}% 7
\BOOKMARK [3][-]{subsubsection.2.1.1}{災害時の物資輸送フロー}{subsection.2.1}% 8
\BOOKMARK [3][-]{subsubsection.2.1.2}{災害時の物資輸送における問題事例調査}{subsection.2.1}% 9
\BOOKMARK [2][-]{subsection.2.2}{ドローンの災害時活用事例時事調査}{section.2}% 10
\BOOKMARK [2][-]{subsection.2.3}{ドローンの性能調査と法的制約}{section.2}% 11
\BOOKMARK [3][-]{subsubsection.2.3.1}{ドローンの分類と性能}{subsection.2.3}% 12
\BOOKMARK [3][-]{subsubsection.2.3.2}{ドローン運用の法的制約}{subsection.2.3}% 13
\BOOKMARK [2][-]{subsection.2.4}{実験報告}{section.2}% 14
\BOOKMARK [3][-]{subsubsection.2.4.1}{シングルエージェントでの簡単な物資輸送シミュレーション}{subsection.2.4}% 15
\BOOKMARK [3][-]{subsubsection.2.4.2}{強化学習モデルと実機ドローンの連携を行うための技術調査}{subsection.2.4}% 16
\BOOKMARK [1][-]{section.3}{研究の進捗状況}{}% 17
\BOOKMARK [2][-]{subsection.3.1}{現在までの進捗状況}{section.3}% 18
\BOOKMARK [2][-]{subsection.3.2}{今後取り組むべき事項}{section.3}% 19
\BOOKMARK [1][-]{section.4}{今後の研究計画}{}% 20
\BOOKMARK [1][-]{appendix.A}{制作物}{}% 21
\BOOKMARK [1][-]{appendix.B}{参考}{}% 22
